INFO: 2020-04-09 10:12:00,913: main() 'Using profile folder /home/niel/.config/variety/'
INFO: 2020-04-09 10:12:00,920: perform_upgrade() 'Last run version was 0.8.3 or earlier, current version is 0.8.3'
INFO: 2020-04-09 10:12:01,064: process_command() 'Received command: ['-n']'
INFO: 2020-04-09 10:12:01,067: load_banned() 'Missing or invalid banned URLs list, no URLs will be banned'
INFO: 2020-04-09 10:12:01,140: start() 'Using data_path /usr/share/variety'
INFO: 2020-04-09 10:12:01,141: load() 'Jumble loading'
INFO: 2020-04-09 10:12:01,141: _walk_modules() 'Jumble loading module in __init__ from /usr/lib/python3.8/site-packages/variety/plugins/builtin/__init__.py'
INFO: 2020-04-09 10:12:01,143: _walk_modules() 'Jumble loading module in __init__ from /usr/lib/python3.8/site-packages/variety/plugins/builtin/downloaders/__init__.py'
INFO: 2020-04-09 10:12:01,144: _walk_modules() 'Jumble loading module in WallhavenSource from /usr/lib/python3.8/site-packages/variety/plugins/builtin/downloaders/WallhavenSource.py'
INFO: 2020-04-09 10:12:01,147: load() 'Jumble found plugin class: <class 'WallhavenSource.WallhavenSource'>: {'name': 'MediaRSSSource', 'description': 'Configurable source for fetching images from Wallhaven.cc', 'author': 'Peter Levi', 'version': '0.1'}'
INFO: 2020-04-09 10:12:01,148: _walk_modules() 'Jumble loading module in MediaRSSSource from /usr/lib/python3.8/site-packages/variety/plugins/builtin/downloaders/MediaRSSSource.py'
INFO: 2020-04-09 10:12:01,150: load() 'Jumble found plugin class: <class 'MediaRSSSource.MediaRSSSource'>: {'name': 'MediaRSSSource', 'description': 'Configurable source for fetching images from MediaRSS feeds', 'author': 'Peter Levi', 'version': '0.1'}'
INFO: 2020-04-09 10:12:01,150: _walk_modules() 'Jumble loading module in EarthviewDownloader from /usr/lib/python3.8/site-packages/variety/plugins/builtin/downloaders/EarthviewDownloader.py'
INFO: 2020-04-09 10:12:01,151: load() 'Jumble found plugin class: <class 'EarthviewDownloader.EarthviewDownloader'>: {'name': 'EarthviewDownloader', 'description': 'Google Earth View Wallpapers', 'author': 'Peter Levi', 'version': '0.1'}'
INFO: 2020-04-09 10:12:01,151: _walk_modules() 'Jumble loading module in WallhavenDownloader from /usr/lib/python3.8/site-packages/variety/plugins/builtin/downloaders/WallhavenDownloader.py'
INFO: 2020-04-09 10:12:01,152: _walk_modules() 'Jumble loading module in APODDownloader from /usr/lib/python3.8/site-packages/variety/plugins/builtin/downloaders/APODDownloader.py'
INFO: 2020-04-09 10:12:01,153: load() 'Jumble found plugin class: <class 'APODDownloader.APODDownloader'>: {'name': 'APODDownloader', 'description': 'NASA Astro Pic of the Day', 'author': 'Peter Levi', 'version': '0.1'}'
INFO: 2020-04-09 10:12:01,153: _walk_modules() 'Jumble loading module in DesktopprDownloader from /usr/lib/python3.8/site-packages/variety/plugins/builtin/downloaders/DesktopprDownloader.py'
INFO: 2020-04-09 10:12:01,154: load() 'Jumble found plugin class: <class 'DesktopprDownloader.DesktopprDownloader'>: {'name': 'DesktopprDownloader', 'description': 'Random wallpapers from Desktoppr.co', 'author': 'Peter Levi', 'version': '0.1'}'
INFO: 2020-04-09 10:12:01,154: _walk_modules() 'Jumble loading module in ChromeOSWallpapersDownloader from /usr/lib/python3.8/site-packages/variety/plugins/builtin/downloaders/ChromeOSWallpapersDownloader.py'
INFO: 2020-04-09 10:12:01,155: load() 'Jumble found plugin class: <class 'ChromeOSWallpapersDownloader.ChromeOSWallpapersDownloader'>: {'name': 'ChromeOsWallpapersDownloader', 'description': 'Chrome OS Wallpapers', 'author': 'Peter Levi', 'version': '0.1'}'
INFO: 2020-04-09 10:12:01,156: _walk_modules() 'Jumble loading module in RedditDownloader from /usr/lib/python3.8/site-packages/variety/plugins/builtin/downloaders/RedditDownloader.py'
INFO: 2020-04-09 10:12:01,157: _walk_modules() 'Jumble loading module in BingDownloader from /usr/lib/python3.8/site-packages/variety/plugins/builtin/downloaders/BingDownloader.py'
INFO: 2020-04-09 10:12:01,157: load() 'Jumble found plugin class: <class 'BingDownloader.BingDownloader'>: {'name': 'BingDownloader', 'description': 'Bing Photo of the Day', 'author': 'Peter Levi', 'version': '0.1'}'
INFO: 2020-04-09 10:12:01,158: _walk_modules() 'Jumble loading module in UnsplashDownloader from /usr/lib/python3.8/site-packages/variety/plugins/builtin/downloaders/UnsplashDownloader.py'
INFO: 2020-04-09 10:12:01,159: load() 'Jumble found plugin class: <class 'UnsplashDownloader.UnsplashDownloader'>: {'name': 'UnsplashDownloader', 'description': 'High-resolution photos from Unsplash.com', 'author': 'Peter Levi', 'version': '0.1'}'
INFO: 2020-04-09 10:12:01,159: _walk_modules() 'Jumble loading module in UnsplashConfigurableSource from /usr/lib/python3.8/site-packages/variety/plugins/builtin/downloaders/UnsplashConfigurableSource.py'
INFO: 2020-04-09 10:12:01,161: load() 'Jumble found plugin class: <class 'UnsplashConfigurableSource.UnsplashConfigurableSource'>: {'name': 'UnsplashConfigurableSource', 'description': 'Configurable source for fetching photos from Unsplash.com', 'author': 'Peter Levi', 'version': '0.1'}'
INFO: 2020-04-09 10:12:01,161: _walk_modules() 'Jumble loading module in RedditSource from /usr/lib/python3.8/site-packages/variety/plugins/builtin/downloaders/RedditSource.py'
INFO: 2020-04-09 10:12:01,162: load() 'Jumble found plugin class: <class 'RedditSource.RedditSource'>: {'name': 'RedditSource', 'description': 'Configurable source for fetching images from Reddit', 'author': 'Peter Levi', 'version': '0.1'}'
INFO: 2020-04-09 10:12:01,162: _walk_modules() 'Jumble loading module in MediaRSSDownloader from /usr/lib/python3.8/site-packages/variety/plugins/builtin/downloaders/MediaRSSDownloader.py'
INFO: 2020-04-09 10:12:01,163: _walk_modules() 'Jumble loading module in __init__ from /usr/lib/python3.8/site-packages/variety/plugins/builtin/quotes/__init__.py'
INFO: 2020-04-09 10:12:01,164: _walk_modules() 'Jumble loading module in FortuneSource from /usr/lib/python3.8/site-packages/variety/plugins/builtin/quotes/FortuneSource.py'
INFO: 2020-04-09 10:12:01,165: load() 'Jumble found plugin class: <class 'FortuneSource.FortuneSource'>: {'name': 'UNIX fortune program', 'description': 'Displays quotes using the UNIX fortune program. You may want to install additional fortune packs, e.g. fortunes-bofh-excuses.', 'author': 'Dan Jones', 'version': '0.1'}'
INFO: 2020-04-09 10:12:01,165: _walk_modules() 'Jumble loading module in UrbanDictionarySource from /usr/lib/python3.8/site-packages/variety/plugins/builtin/quotes/UrbanDictionarySource.py'
INFO: 2020-04-09 10:12:01,166: load() 'Jumble found plugin class: <class 'UrbanDictionarySource.UrbanDictionarySource'>: {'name': 'Urban Dictionary', 'description': 'Displays definitions from Urban Dictionary', 'author': 'James Miller', 'version': '0.1'}'
INFO: 2020-04-09 10:12:01,166: _walk_modules() 'Jumble loading module in QuotationsPageSource from /usr/lib/python3.8/site-packages/variety/plugins/builtin/quotes/QuotationsPageSource.py'
INFO: 2020-04-09 10:12:01,174: load() 'Jumble found plugin class: <class 'QuotationsPageSource.QuotationsPageSource'>: {'name': 'TheQuotationsPage.com', 'description': 'Fetches quotes from TheQuotationsPage.com', 'author': 'Peter Levi', 'version': '0.1'}'
INFO: 2020-04-09 10:12:01,175: _walk_modules() 'Jumble loading module in LocalFilesSource from /usr/lib/python3.8/site-packages/variety/plugins/builtin/quotes/LocalFilesSource.py'
INFO: 2020-04-09 10:12:01,175: load() 'Jumble found plugin class: <class 'LocalFilesSource.LocalFilesSource'>: {'name': 'Local text files', 'description': 'Displays quotes, defined in local text files.\nPut your own txt files in: ~/.config/variety/pluginconfig/quotes/.\nThe file format is:\n\nquote -- author\n.\nsecond quote -- another author\n.\netc...\n\nExample: http://rvelthuis.de/zips/quotes.txt', 'author': 'Peter Levi', 'version': '0.1'}'
INFO: 2020-04-09 10:12:01,176: _walk_modules() 'Jumble loading module in GoodreadsSource from /usr/lib/python3.8/site-packages/variety/plugins/builtin/quotes/GoodreadsSource.py'
INFO: 2020-04-09 10:12:01,177: load() 'Jumble found plugin class: <class 'GoodreadsSource.GoodreadsSource'>: {'name': 'Goodreads', 'description': 'Fetches quotes from Goodreads.com', 'author': 'Peter Levi', 'version': '0.1'}'
INFO: 2020-04-09 10:12:01,184: log_options() 'Loaded options:'
INFO: 2020-04-09 10:12:01,184: log_options() 'change_enabled = False'
INFO: 2020-04-09 10:12:01,184: log_options() 'change_interval = 1800'
INFO: 2020-04-09 10:12:01,184: log_options() 'change_on_start = True'
INFO: 2020-04-09 10:12:01,184: log_options() 'clipboard_enabled = False'
INFO: 2020-04-09 10:12:01,184: log_options() 'clipboard_hosts = ['wallhaven.cc', 'wallpapers.net', 'flickr.com', 'imgur.com', 'deviantart.com', 'interfacelift.com', 'vladstudio.com', 'imageshack.us', 'deviantart.net', 'imageshack.com']'
INFO: 2020-04-09 10:12:01,184: log_options() 'clipboard_use_whitelist = True'
INFO: 2020-04-09 10:12:01,184: log_options() 'clock_date_font = Ubuntu Condensed, 30'
INFO: 2020-04-09 10:12:01,184: log_options() 'clock_enabled = False'
INFO: 2020-04-09 10:12:01,184: log_options() 'clock_filter = -density 100 -font `fc-match -f '%{file[0]}' '%CLOCK_FONT_NAME'` -pointsize %CLOCK_FONT_SIZE -gravity SouthEast -fill '#00000044' -annotate 0x0+[%HOFFSET+58]+[%VOFFSET+108] '%H:%M' -fill white -annotate 0x0+[%HOFFSET+60]+[%VOFFSET+110] '%H:%M' -font `fc-match -f '%{file[0]}' '%DATE_FONT_NAME'` -pointsize %DATE_FONT_SIZE -fill '#00000044' -annotate 0x0+[%HOFFSET+58]+[%VOFFSET+58] '%A, %B %d' -fill white -annotate 0x0+[%HOFFSET+60]+[%VOFFSET+60] '%A, %B %d''
INFO: 2020-04-09 10:12:01,184: log_options() 'clock_font = Ubuntu Condensed, 70'
INFO: 2020-04-09 10:12:01,184: log_options() 'configfile = /home/niel/.config/variety/variety.conf'
INFO: 2020-04-09 10:12:01,185: log_options() 'copyto_enabled = False'
INFO: 2020-04-09 10:12:01,185: log_options() 'copyto_folder = Default'
INFO: 2020-04-09 10:12:01,185: log_options() 'desired_color = [160, 160, 160]'
INFO: 2020-04-09 10:12:01,185: log_options() 'desired_color_enabled = False'
INFO: 2020-04-09 10:12:01,185: log_options() 'download_folder = /home/niel/.config/variety/Downloaded'
INFO: 2020-04-09 10:12:01,185: log_options() 'download_preference_ratio = 0.9'
INFO: 2020-04-09 10:12:01,185: log_options() 'favorites_folder = /home/niel/.config/variety/Favorites'
INFO: 2020-04-09 10:12:01,185: log_options() 'favorites_operations = [['Downloaded', 'Copy'], ['Fetched', 'Move'], ['Others', 'Copy']]'
INFO: 2020-04-09 10:12:01,185: log_options() 'fetched_folder = /home/niel/.config/variety/Fetched'
INFO: 2020-04-09 10:12:01,185: log_options() 'filters = [[False, 'Keep original', ''], [False, 'Grayscale', '-type Grayscale'], [False, 'Heavy blur', '-blur 120x40'], [False, 'Soft blur', '-blur 20x7'], [False, 'Oil painting', '-paint 8'], [False, 'Pointilism', '-spread 10 -noise 3'], [False, 'Pixellate', '-scale 3% -scale 3333%']]'
INFO: 2020-04-09 10:12:01,185: log_options() 'icon = Light'
INFO: 2020-04-09 10:12:01,185: log_options() 'lightness_enabled = False'
INFO: 2020-04-09 10:12:01,185: log_options() 'lightness_mode = 0'
INFO: 2020-04-09 10:12:01,185: log_options() 'min_rating = 4'
INFO: 2020-04-09 10:12:01,185: log_options() 'min_rating_enabled = False'
INFO: 2020-04-09 10:12:01,185: log_options() 'min_size = 80'
INFO: 2020-04-09 10:12:01,186: log_options() 'min_size_enabled = True'
INFO: 2020-04-09 10:12:01,186: log_options() 'quota_enabled = True'
INFO: 2020-04-09 10:12:01,186: log_options() 'quota_size = 1000'
INFO: 2020-04-09 10:12:01,186: log_options() 'quotes_authors = '
INFO: 2020-04-09 10:12:01,186: log_options() 'quotes_bg_color = [80, 80, 80]'
INFO: 2020-04-09 10:12:01,186: log_options() 'quotes_bg_opacity = 55'
INFO: 2020-04-09 10:12:01,186: log_options() 'quotes_change_enabled = False'
INFO: 2020-04-09 10:12:01,186: log_options() 'quotes_change_interval = 300'
INFO: 2020-04-09 10:12:01,186: log_options() 'quotes_disabled_sources = ['Urban Dictionary']'
INFO: 2020-04-09 10:12:01,186: log_options() 'quotes_enabled = False'
INFO: 2020-04-09 10:12:01,186: log_options() 'quotes_favorites_file = /home/niel/.config/variety/favorite_quotes.txt'
INFO: 2020-04-09 10:12:01,186: log_options() 'quotes_font = Bitstream Charter 30'
INFO: 2020-04-09 10:12:01,186: log_options() 'quotes_hpos = 100'
INFO: 2020-04-09 10:12:01,186: log_options() 'quotes_max_length = 250'
INFO: 2020-04-09 10:12:01,186: log_options() 'quotes_tags = '
INFO: 2020-04-09 10:12:01,186: log_options() 'quotes_text_color = [255, 255, 255]'
INFO: 2020-04-09 10:12:01,187: log_options() 'quotes_text_shadow = False'
INFO: 2020-04-09 10:12:01,187: log_options() 'quotes_vpos = 40'
INFO: 2020-04-09 10:12:01,187: log_options() 'quotes_width = 70'
INFO: 2020-04-09 10:12:01,187: log_options() 'safe_mode = False'
INFO: 2020-04-09 10:12:01,187: log_options() 'slideshow_custom_enabled = False'
INFO: 2020-04-09 10:12:01,187: log_options() 'slideshow_custom_folder = /home/niel/Pictures'
INFO: 2020-04-09 10:12:01,187: log_options() 'slideshow_downloads_enabled = False'
INFO: 2020-04-09 10:12:01,187: log_options() 'slideshow_fade = 0.4'
INFO: 2020-04-09 10:12:01,187: log_options() 'slideshow_favorites_enabled = True'
INFO: 2020-04-09 10:12:01,187: log_options() 'slideshow_mode = Fullscreen'
INFO: 2020-04-09 10:12:01,187: log_options() 'slideshow_monitor = All'
INFO: 2020-04-09 10:12:01,187: log_options() 'slideshow_pan = 0.05'
INFO: 2020-04-09 10:12:01,187: log_options() 'slideshow_seconds = 6.0'
INFO: 2020-04-09 10:12:01,187: log_options() 'slideshow_sort_order = Random'
INFO: 2020-04-09 10:12:01,187: log_options() 'slideshow_sources_enabled = True'
INFO: 2020-04-09 10:12:01,187: log_options() 'slideshow_zoom = 0.2'
INFO: 2020-04-09 10:12:01,187: log_options() 'smart_enabled = False'
INFO: 2020-04-09 10:12:01,188: log_options() 'smart_notice_shown = False'
INFO: 2020-04-09 10:12:01,188: log_options() 'smart_register_shown = False'
INFO: 2020-04-09 10:12:01,188: log_options() 'sources = [[True, 'favorites', 'The Favorites folder'], [False, 'fetched', 'The Fetched folder'], [True, 'folder', '/usr/share/backgrounds'], [False, 'flickr', 'user:www.flickr.com/photos/peter-levi/;user_id:93647178@N00;'], [False, 'apod', "NASA's Astronomy Picture of the Day"], [False, 'bing', 'Bing Photo of the Day'], [False, 'chromeos', 'Chrome OS Wallpapers'], [False, 'desktoppr', 'Random wallpapers from Desktoppr.co'], [False, 'earth', 'World Sunlight Map - live wallpaper from Die.net'], [False, 'earthview', 'Google Earth View Wallpapers'], [False, 'unsplash', 'High-resolution photos from Unsplash.com'], [True, 'folder', '/home/niel/Dropbox/Apps/Desktoppr'], [True, 'folder', '/home/niel/DATA/config/hefftorlinux']]'
INFO: 2020-04-09 10:12:01,188: log_options() 'stats_enabled = True'
INFO: 2020-04-09 10:12:01,188: log_options() 'stats_notice_shown = False'
INFO: 2020-04-09 10:12:01,188: log_options() 'sync_enabled = True'
INFO: 2020-04-09 10:12:01,188: log_options() 'use_landscape_enabled = True'
INFO: 2020-04-09 10:12:01,188: reload_config() 'No need to clear prepared queue'
INFO: 2020-04-09 10:12:01,188: update_indicator() 'Setting file info to: /home/niel/Dropbox/Apps/Desktoppr/sherlock_by_joniina-d3ri9cn-2019-11-07-1643.png'
INFO: 2020-04-09 10:12:01,193: load_last_change_time() 'Change interval < 6 hours, ignore persisted last_change_time, wait initially the whole interval: 1800'
INFO: 2020-04-09 10:12:01,193: update_indicator() 'Setting file info to: /home/niel/Dropbox/Apps/Desktoppr/sherlock_by_joniina-d3ri9cn-2019-11-07-1643.png'
INFO: 2020-04-09 10:12:01,194: regular_change_thread() 'regular_change thread running'
INFO: 2020-04-09 10:12:01,194: prepare_thread() 'Prepare thread running'
INFO: 2020-04-09 10:12:01,194: prepare_thread() 'Prepared buffer contains 0 images'
INFO: 2020-04-09 10:12:01,195: prepare_thread() 'Preparing some images'
INFO: 2020-04-09 10:12:01,197: update_indicator_icon() 'Creating indicator'
WARNING: 2020-04-09 10:12:01,218: create_menu() 'Variety Slideshow is not installed. This is an optional extension adding pan-and-zoom slideshows to Variety: see https://github.com/peterlevi/variety-slideshow for details'
INFO: 2020-04-09 10:12:01,220: create_indicator() 'indicator backend: AppIndicator3'
INFO: 2020-04-09 10:12:01,277: set_from_theme_icon() 'Showing indicator icon variety-indicator from GTK theme'
INFO: 2020-04-09 10:12:01,293: do_set_wp() 'Calling do_set_wp with /home/niel/Dropbox/Apps/Desktoppr/sherlock_by_joniina-d3ri9cn-2019-11-07-1643.png, time: 1586419921.2939572'
INFO: 2020-04-09 10:12:01,308: update_indicator() 'Setting file info to: /home/niel/Dropbox/Apps/Desktoppr/sherlock_by_joniina-d3ri9cn-2019-11-07-1643.png'
INFO: 2020-04-09 10:12:01,311: list_files() 'More than 1 files in the folders, stop listing'
INFO: 2020-04-09 10:12:01,319: prepare_thread() 'After search prepared buffer contains 96 images'
INFO: 2020-04-09 10:12:03,319: trigger_download() 'Triggering download thread to check if download needed'
INFO: 2020-04-09 10:12:04,029: reload() 'Reloading preferences dialog'
INFO: 2020-04-09 10:12:04,067: set_wallpaper() 'Calling set_wallpaper with /home/niel/Dropbox/Apps/Desktoppr/robot_art_design_1920x1080__saboorgaming-2019-11-26-1640.jpg'
INFO: 2020-04-09 10:12:04,067: prepare_thread() 'Prepared buffer contains 95 images'
INFO: 2020-04-09 10:12:04,068: do_set_wp() 'Calling do_set_wp with /home/niel/Dropbox/Apps/Desktoppr/robot_art_design_1920x1080__saboorgaming-2019-11-26-1640.jpg, time: 1586419924.068334'
INFO: 2020-04-09 10:12:04,086: update_indicator() 'Setting file info to: /home/niel/Dropbox/Apps/Desktoppr/robot_art_design_1920x1080__saboorgaming-2019-11-26-1640.jpg'
INFO: 2020-04-09 10:12:04,087: list_files() 'More than 1 files in the folders, stop listing'
INFO: 2020-04-09 10:12:06,068: trigger_download() 'Triggering download thread to check if download needed'
INFO: 2020-04-09 10:12:06,194: set_wallpaper() 'Calling set_wallpaper with /home/niel/DATA/config/hefftorlinux/floating-city.jpg'
INFO: 2020-04-09 10:12:06,194: prepare_thread() 'Prepared buffer contains 94 images'
INFO: 2020-04-09 10:12:06,195: do_set_wp() 'Calling do_set_wp with /home/niel/DATA/config/hefftorlinux/floating-city.jpg, time: 1586419926.1957877'
INFO: 2020-04-09 10:12:06,196: regular_change_thread() 'regular_change: waiting till user resumes'
INFO: 2020-04-09 10:12:06,217: update_indicator() 'Setting file info to: /home/niel/DATA/config/hefftorlinux/floating-city.jpg'
INFO: 2020-04-09 10:12:06,218: list_files() 'More than 1 files in the folders, stop listing'
INFO: 2020-04-09 10:12:08,195: trigger_download() 'Triggering download thread to check if download needed'
INFO: 2020-04-09 10:12:21,216: server_options_thread() 'Fetching server options from http://tiny.cc/variety-options-063'
INFO: 2020-04-09 10:12:22,065: server_options_thread() 'Fetched server options: {'flickr': {'min_fill_queue_interval': 1200, 'min_download_interval': 1200}, 'wallbase': {'min_fill_queue_interval': 1800, 'min_download_interval': 1800}, 'wallhaven': {'min_fill_queue_interval': 1800, 'min_download_interval': 1800}, 'wallpapers.net': {'min_fill_queue_interval': 600, 'min_download_interval': 0}, 'unsplash': {'min_fill_queue_interval': 20000000000, 'min_download_interval': 20000000000}, 'unsplash_v2': {'min_fill_queue_interval': 1800, 'min_download_interval': 600}, 'status_message': {'0.0.1': '', '*': ''}}'
INFO: 2020-04-09 12:34:00,617: reload() 'Reloading preferences dialog'
INFO: 2020-04-09 12:34:26,393: apply() 'Applying preferences'
INFO: 2020-04-09 12:34:26,404: log_options() 'Loaded options:'
INFO: 2020-04-09 12:34:26,405: log_options() 'change_enabled = False'
INFO: 2020-04-09 12:34:26,405: log_options() 'change_interval = 1800'
INFO: 2020-04-09 12:34:26,405: log_options() 'change_on_start = True'
INFO: 2020-04-09 12:34:26,405: log_options() 'clipboard_enabled = False'
INFO: 2020-04-09 12:34:26,405: log_options() 'clipboard_hosts = ['wallhaven.cc', 'wallpapers.net', 'flickr.com', 'imgur.com', 'deviantart.com', 'interfacelift.com', 'vladstudio.com', 'imageshack.us', 'deviantart.net', 'imageshack.com']'
INFO: 2020-04-09 12:34:26,405: log_options() 'clipboard_use_whitelist = True'
INFO: 2020-04-09 12:34:26,405: log_options() 'clock_date_font = Ubuntu Condensed, 30'
INFO: 2020-04-09 12:34:26,405: log_options() 'clock_enabled = False'
INFO: 2020-04-09 12:34:26,405: log_options() 'clock_filter = -density 100 -font `fc-match -f '%{file[0]}' '%CLOCK_FONT_NAME'` -pointsize %CLOCK_FONT_SIZE -gravity SouthEast -fill '#00000044' -annotate 0x0+[%HOFFSET+58]+[%VOFFSET+108] '%H:%M' -fill white -annotate 0x0+[%HOFFSET+60]+[%VOFFSET+110] '%H:%M' -font `fc-match -f '%{file[0]}' '%DATE_FONT_NAME'` -pointsize %DATE_FONT_SIZE -fill '#00000044' -annotate 0x0+[%HOFFSET+58]+[%VOFFSET+58] '%A, %B %d' -fill white -annotate 0x0+[%HOFFSET+60]+[%VOFFSET+60] '%A, %B %d''
INFO: 2020-04-09 12:34:26,405: log_options() 'clock_font = Ubuntu Condensed, 70'
INFO: 2020-04-09 12:34:26,405: log_options() 'configfile = /home/niel/.config/variety/variety.conf'
INFO: 2020-04-09 12:34:26,405: log_options() 'copyto_enabled = False'
INFO: 2020-04-09 12:34:26,406: log_options() 'copyto_folder = Default'
INFO: 2020-04-09 12:34:26,406: log_options() 'desired_color = [160, 160, 160]'
INFO: 2020-04-09 12:34:26,406: log_options() 'desired_color_enabled = False'
INFO: 2020-04-09 12:34:26,406: log_options() 'download_folder = /home/niel/.config/variety/Downloaded'
INFO: 2020-04-09 12:34:26,406: log_options() 'download_preference_ratio = 0.9'
INFO: 2020-04-09 12:34:26,406: log_options() 'favorites_folder = /home/niel/.config/variety/Favorites'
INFO: 2020-04-09 12:34:26,406: log_options() 'favorites_operations = [['Downloaded', 'Copy'], ['Fetched', 'Move'], ['Others', 'Copy']]'
INFO: 2020-04-09 12:34:26,406: log_options() 'fetched_folder = /home/niel/.config/variety/Fetched'
INFO: 2020-04-09 12:34:26,406: log_options() 'filters = [[False, 'Keep original', ''], [False, 'Grayscale', '-type Grayscale'], [False, 'Heavy blur', '-blur 120x40'], [False, 'Soft blur', '-blur 20x7'], [False, 'Oil painting', '-paint 8'], [False, 'Pointilism', '-spread 10 -noise 3'], [False, 'Pixellate', '-scale 3% -scale 3333%']]'
INFO: 2020-04-09 12:34:26,406: log_options() 'icon = Light'
INFO: 2020-04-09 12:34:26,406: log_options() 'lightness_enabled = False'
INFO: 2020-04-09 12:34:26,406: log_options() 'lightness_mode = 0'
INFO: 2020-04-09 12:34:26,407: log_options() 'min_rating = 4'
INFO: 2020-04-09 12:34:26,407: log_options() 'min_rating_enabled = False'
INFO: 2020-04-09 12:34:26,407: log_options() 'min_size = 80'
INFO: 2020-04-09 12:34:26,407: log_options() 'min_size_enabled = True'
INFO: 2020-04-09 12:34:26,407: log_options() 'quota_enabled = True'
INFO: 2020-04-09 12:34:26,407: log_options() 'quota_size = 1000'
INFO: 2020-04-09 12:34:26,407: log_options() 'quotes_authors = '
INFO: 2020-04-09 12:34:26,407: log_options() 'quotes_bg_color = [80, 80, 80]'
INFO: 2020-04-09 12:34:26,407: log_options() 'quotes_bg_opacity = 55'
INFO: 2020-04-09 12:34:26,407: log_options() 'quotes_change_enabled = False'
INFO: 2020-04-09 12:34:26,407: log_options() 'quotes_change_interval = 300'
INFO: 2020-04-09 12:34:26,407: log_options() 'quotes_disabled_sources = ['Urban Dictionary']'
INFO: 2020-04-09 12:34:26,407: log_options() 'quotes_enabled = False'
INFO: 2020-04-09 12:34:26,408: log_options() 'quotes_favorites_file = /home/niel/.config/variety/favorite_quotes.txt'
INFO: 2020-04-09 12:34:26,408: log_options() 'quotes_font = Bitstream Charter 30'
INFO: 2020-04-09 12:34:26,408: log_options() 'quotes_hpos = 100'
INFO: 2020-04-09 12:34:26,408: log_options() 'quotes_max_length = 250'
INFO: 2020-04-09 12:34:26,408: log_options() 'quotes_tags = '
INFO: 2020-04-09 12:34:26,408: log_options() 'quotes_text_color = [255, 255, 255]'
INFO: 2020-04-09 12:34:26,408: log_options() 'quotes_text_shadow = False'
INFO: 2020-04-09 12:34:26,408: log_options() 'quotes_vpos = 40'
INFO: 2020-04-09 12:34:26,408: log_options() 'quotes_width = 70'
INFO: 2020-04-09 12:34:26,408: log_options() 'safe_mode = False'
INFO: 2020-04-09 12:34:26,408: log_options() 'slideshow_custom_enabled = False'
INFO: 2020-04-09 12:34:26,409: log_options() 'slideshow_custom_folder = /home/niel/Pictures'
INFO: 2020-04-09 12:34:26,409: log_options() 'slideshow_downloads_enabled = False'
INFO: 2020-04-09 12:34:26,409: log_options() 'slideshow_fade = 0.4'
INFO: 2020-04-09 12:34:26,409: log_options() 'slideshow_favorites_enabled = True'
INFO: 2020-04-09 12:34:26,409: log_options() 'slideshow_mode = Fullscreen'
INFO: 2020-04-09 12:34:26,409: log_options() 'slideshow_monitor = All'
INFO: 2020-04-09 12:34:26,409: log_options() 'slideshow_pan = 0.05'
INFO: 2020-04-09 12:34:26,409: log_options() 'slideshow_seconds = 6.0'
INFO: 2020-04-09 12:34:26,409: log_options() 'slideshow_sort_order = Random'
INFO: 2020-04-09 12:34:26,409: log_options() 'slideshow_sources_enabled = True'
INFO: 2020-04-09 12:34:26,409: log_options() 'slideshow_zoom = 0.2'
INFO: 2020-04-09 12:34:26,409: log_options() 'smart_enabled = False'
INFO: 2020-04-09 12:34:26,409: log_options() 'smart_notice_shown = False'
INFO: 2020-04-09 12:34:26,410: log_options() 'smart_register_shown = False'
INFO: 2020-04-09 12:34:26,410: log_options() 'sources = [[True, 'favorites', 'The Favorites folder'], [False, 'fetched', 'The Fetched folder'], [True, 'folder', '/usr/share/backgrounds'], [False, 'flickr', 'user:www.flickr.com/photos/peter-levi/;user_id:93647178@N00;'], [False, 'apod', "NASA's Astronomy Picture of the Day"], [False, 'bing', 'Bing Photo of the Day'], [False, 'chromeos', 'Chrome OS Wallpapers'], [False, 'desktoppr', 'Random wallpapers from Desktoppr.co'], [False, 'earth', 'World Sunlight Map - live wallpaper from Die.net'], [False, 'earthview', 'Google Earth View Wallpapers'], [False, 'unsplash', 'High-resolution photos from Unsplash.com'], [True, 'folder', '/home/niel/Dropbox/Apps/Desktoppr'], [True, 'folder', '/home/niel/DATA/config/hefftorlinux'], [True, 'folder', '/home/niel/DATA/wallpapers']]'
INFO: 2020-04-09 12:34:26,410: log_options() 'stats_enabled = True'
INFO: 2020-04-09 12:34:26,410: log_options() 'stats_notice_shown = False'
INFO: 2020-04-09 12:34:26,410: log_options() 'sync_enabled = True'
INFO: 2020-04-09 12:34:26,410: log_options() 'use_landscape_enabled = True'
INFO: 2020-04-09 12:34:26,410: clear_prepared_queue() 'Clearing prepared queue'
INFO: 2020-04-09 12:34:26,410: update_indicator() 'Setting file info to: /home/niel/DATA/config/hefftorlinux/floating-city.jpg'
INFO: 2020-04-09 12:34:26,410: prepare_thread() 'Prepared buffer contains 0 images'
INFO: 2020-04-09 12:34:26,411: prepare_thread() 'Preparing some images'
INFO: 2020-04-09 12:34:26,412: list_files() 'More than 1 files in the folders, stop listing'
INFO: 2020-04-09 12:34:26,412: regular_change_thread() 'regular_change: waiting till user resumes'
INFO: 2020-04-09 12:34:26,419: set_visible() 'Showing indicator icon'
INFO: 2020-04-09 12:34:26,420: set_from_theme_icon() 'Showing indicator icon variety-indicator from GTK theme'
INFO: 2020-04-09 12:34:26,513: do_set_wp() 'Calling do_set_wp with /home/niel/DATA/config/hefftorlinux/floating-city.jpg, time: 1586428466.5135262'
INFO: 2020-04-09 12:34:26,535: update_indicator() 'Setting file info to: /home/niel/DATA/config/hefftorlinux/floating-city.jpg'
INFO: 2020-04-09 12:34:26,538: list_files() 'More than 1 files in the folders, stop listing'
INFO: 2020-04-09 12:34:26,595: prepare_thread() 'After search prepared buffer contains 95 images'
INFO: 2020-04-09 12:34:26,595: prepare_thread() 'Prepared buffer contains 95 images'
INFO: 2020-04-09 12:34:26,597: list_files() 'More than 1 files in the folders, stop listing'
INFO: 2020-04-09 12:34:28,595: trigger_download() 'Triggering download thread to check if download needed'
INFO: 2020-04-09 12:34:28,596: trigger_download() 'Triggering download thread to check if download needed'
INFO: 2020-04-09 12:34:35,031: apply() 'Applying preferences'
INFO: 2020-04-09 12:34:35,041: log_options() 'Loaded options:'
INFO: 2020-04-09 12:34:35,041: log_options() 'change_enabled = True'
INFO: 2020-04-09 12:34:35,041: log_options() 'change_interval = 1800'
INFO: 2020-04-09 12:34:35,041: log_options() 'change_on_start = True'
INFO: 2020-04-09 12:34:35,041: log_options() 'clipboard_enabled = False'
INFO: 2020-04-09 12:34:35,041: log_options() 'clipboard_hosts = ['wallhaven.cc', 'wallpapers.net', 'flickr.com', 'imgur.com', 'deviantart.com', 'interfacelift.com', 'vladstudio.com', 'imageshack.us', 'deviantart.net', 'imageshack.com']'
INFO: 2020-04-09 12:34:35,041: log_options() 'clipboard_use_whitelist = True'
INFO: 2020-04-09 12:34:35,041: log_options() 'clock_date_font = Ubuntu Condensed, 30'
INFO: 2020-04-09 12:34:35,042: log_options() 'clock_enabled = False'
INFO: 2020-04-09 12:34:35,042: log_options() 'clock_filter = -density 100 -font `fc-match -f '%{file[0]}' '%CLOCK_FONT_NAME'` -pointsize %CLOCK_FONT_SIZE -gravity SouthEast -fill '#00000044' -annotate 0x0+[%HOFFSET+58]+[%VOFFSET+108] '%H:%M' -fill white -annotate 0x0+[%HOFFSET+60]+[%VOFFSET+110] '%H:%M' -font `fc-match -f '%{file[0]}' '%DATE_FONT_NAME'` -pointsize %DATE_FONT_SIZE -fill '#00000044' -annotate 0x0+[%HOFFSET+58]+[%VOFFSET+58] '%A, %B %d' -fill white -annotate 0x0+[%HOFFSET+60]+[%VOFFSET+60] '%A, %B %d''
INFO: 2020-04-09 12:34:35,042: log_options() 'clock_font = Ubuntu Condensed, 70'
INFO: 2020-04-09 12:34:35,042: log_options() 'configfile = /home/niel/.config/variety/variety.conf'
INFO: 2020-04-09 12:34:35,042: log_options() 'copyto_enabled = False'
INFO: 2020-04-09 12:34:35,042: log_options() 'copyto_folder = Default'
INFO: 2020-04-09 12:34:35,042: log_options() 'desired_color = [160, 160, 160]'
INFO: 2020-04-09 12:34:35,042: log_options() 'desired_color_enabled = False'
INFO: 2020-04-09 12:34:35,042: log_options() 'download_folder = /home/niel/.config/variety/Downloaded'
INFO: 2020-04-09 12:34:35,042: log_options() 'download_preference_ratio = 0.9'
INFO: 2020-04-09 12:34:35,042: log_options() 'favorites_folder = /home/niel/.config/variety/Favorites'
INFO: 2020-04-09 12:34:35,042: log_options() 'favorites_operations = [['Downloaded', 'Copy'], ['Fetched', 'Move'], ['Others', 'Copy']]'
INFO: 2020-04-09 12:34:35,042: log_options() 'fetched_folder = /home/niel/.config/variety/Fetched'
INFO: 2020-04-09 12:34:35,042: log_options() 'filters = [[False, 'Keep original', ''], [False, 'Grayscale', '-type Grayscale'], [False, 'Heavy blur', '-blur 120x40'], [False, 'Soft blur', '-blur 20x7'], [False, 'Oil painting', '-paint 8'], [False, 'Pointilism', '-spread 10 -noise 3'], [False, 'Pixellate', '-scale 3% -scale 3333%']]'
INFO: 2020-04-09 12:34:35,042: log_options() 'icon = Light'
INFO: 2020-04-09 12:34:35,043: log_options() 'lightness_enabled = False'
INFO: 2020-04-09 12:34:35,043: log_options() 'lightness_mode = 0'
INFO: 2020-04-09 12:34:35,043: log_options() 'min_rating = 4'
INFO: 2020-04-09 12:34:35,043: log_options() 'min_rating_enabled = False'
INFO: 2020-04-09 12:34:35,043: log_options() 'min_size = 80'
INFO: 2020-04-09 12:34:35,043: log_options() 'min_size_enabled = True'
INFO: 2020-04-09 12:34:35,043: log_options() 'quota_enabled = True'
INFO: 2020-04-09 12:34:35,043: log_options() 'quota_size = 1000'
INFO: 2020-04-09 12:34:35,043: log_options() 'quotes_authors = '
INFO: 2020-04-09 12:34:35,043: log_options() 'quotes_bg_color = [80, 80, 80]'
INFO: 2020-04-09 12:34:35,043: log_options() 'quotes_bg_opacity = 55'
INFO: 2020-04-09 12:34:35,043: log_options() 'quotes_change_enabled = False'
INFO: 2020-04-09 12:34:35,043: log_options() 'quotes_change_interval = 300'
INFO: 2020-04-09 12:34:35,044: log_options() 'quotes_disabled_sources = ['Urban Dictionary']'
INFO: 2020-04-09 12:34:35,044: log_options() 'quotes_enabled = False'
INFO: 2020-04-09 12:34:35,044: log_options() 'quotes_favorites_file = /home/niel/.config/variety/favorite_quotes.txt'
INFO: 2020-04-09 12:34:35,044: log_options() 'quotes_font = Bitstream Charter 30'
INFO: 2020-04-09 12:34:35,044: log_options() 'quotes_hpos = 100'
INFO: 2020-04-09 12:34:35,044: log_options() 'quotes_max_length = 250'
INFO: 2020-04-09 12:34:35,044: log_options() 'quotes_tags = '
INFO: 2020-04-09 12:34:35,044: log_options() 'quotes_text_color = [255, 255, 255]'
INFO: 2020-04-09 12:34:35,044: log_options() 'quotes_text_shadow = False'
INFO: 2020-04-09 12:34:35,045: set_visible() 'Showing indicator icon'
INFO: 2020-04-09 12:34:35,045: log_options() 'quotes_vpos = 40'
INFO: 2020-04-09 12:34:35,045: log_options() 'quotes_width = 70'
INFO: 2020-04-09 12:34:35,045: set_from_theme_icon() 'Showing indicator icon variety-indicator from GTK theme'
INFO: 2020-04-09 12:34:35,045: log_options() 'safe_mode = False'
INFO: 2020-04-09 12:34:35,045: log_options() 'slideshow_custom_enabled = False'
INFO: 2020-04-09 12:34:35,045: log_options() 'slideshow_custom_folder = /home/niel/Pictures'
INFO: 2020-04-09 12:34:35,045: log_options() 'slideshow_downloads_enabled = False'
INFO: 2020-04-09 12:34:35,045: log_options() 'slideshow_fade = 0.4'
INFO: 2020-04-09 12:34:35,045: log_options() 'slideshow_favorites_enabled = True'
INFO: 2020-04-09 12:34:35,045: log_options() 'slideshow_mode = Fullscreen'
INFO: 2020-04-09 12:34:35,046: log_options() 'slideshow_monitor = All'
INFO: 2020-04-09 12:34:35,046: log_options() 'slideshow_pan = 0.05'
INFO: 2020-04-09 12:34:35,046: log_options() 'slideshow_seconds = 6.0'
INFO: 2020-04-09 12:34:35,046: log_options() 'slideshow_sort_order = Random'
INFO: 2020-04-09 12:34:35,046: log_options() 'slideshow_sources_enabled = True'
INFO: 2020-04-09 12:34:35,046: log_options() 'slideshow_zoom = 0.2'
INFO: 2020-04-09 12:34:35,046: log_options() 'smart_enabled = False'
INFO: 2020-04-09 12:34:35,046: log_options() 'smart_notice_shown = False'
INFO: 2020-04-09 12:34:35,046: log_options() 'smart_register_shown = False'
INFO: 2020-04-09 12:34:35,046: log_options() 'sources = [[True, 'favorites', 'The Favorites folder'], [False, 'fetched', 'The Fetched folder'], [True, 'folder', '/usr/share/backgrounds'], [False, 'flickr', 'user:www.flickr.com/photos/peter-levi/;user_id:93647178@N00;'], [False, 'apod', "NASA's Astronomy Picture of the Day"], [False, 'bing', 'Bing Photo of the Day'], [False, 'chromeos', 'Chrome OS Wallpapers'], [False, 'desktoppr', 'Random wallpapers from Desktoppr.co'], [False, 'earth', 'World Sunlight Map - live wallpaper from Die.net'], [False, 'earthview', 'Google Earth View Wallpapers'], [False, 'unsplash', 'High-resolution photos from Unsplash.com'], [True, 'folder', '/home/niel/Dropbox/Apps/Desktoppr'], [True, 'folder', '/home/niel/DATA/config/hefftorlinux'], [True, 'folder', '/home/niel/DATA/wallpapers']]'
INFO: 2020-04-09 12:34:35,046: log_options() 'stats_enabled = True'
INFO: 2020-04-09 12:34:35,046: log_options() 'stats_notice_shown = False'
INFO: 2020-04-09 12:34:35,046: log_options() 'sync_enabled = True'
INFO: 2020-04-09 12:34:35,046: log_options() 'use_landscape_enabled = True'
INFO: 2020-04-09 12:34:35,047: reload_config() 'No need to clear prepared queue'
INFO: 2020-04-09 12:34:35,047: update_indicator() 'Setting file info to: /home/niel/DATA/config/hefftorlinux/floating-city.jpg'
INFO: 2020-04-09 12:34:35,047: list_files() 'More than 1 files in the folders, stop listing'
INFO: 2020-04-09 12:34:35,048: regular_change_thread() 'regular_change changes wallpaper'
INFO: 2020-04-09 12:34:35,048: set_wallpaper() 'Calling set_wallpaper with /home/niel/DATA/wallpapers/nano-schematic-infraorange-3840x2400.jpg'
INFO: 2020-04-09 12:34:35,048: prepare_thread() 'Prepared buffer contains 95 images'
INFO: 2020-04-09 12:34:35,049: do_set_wp() 'Calling do_set_wp with /home/niel/DATA/wallpapers/nano-schematic-infraorange-3840x2400.jpg, time: 1586428475.0491064'
INFO: 2020-04-09 12:34:35,049: prepare_thread() 'Prepared buffer contains 94 images'
INFO: 2020-04-09 12:34:35,068: update_indicator() 'Setting file info to: /home/niel/DATA/wallpapers/nano-schematic-infraorange-3840x2400.jpg'
INFO: 2020-04-09 12:34:35,070: list_files() 'More than 1 files in the folders, stop listing'
INFO: 2020-04-09 12:34:36,049: do_set_wp() 'Calling do_set_wp with /home/niel/DATA/config/hefftorlinux/floating-city.jpg, time: 1586428476.0496583'
INFO: 2020-04-09 12:34:36,435: update_indicator() 'Setting file info to: /home/niel/DATA/config/hefftorlinux/floating-city.jpg'
INFO: 2020-04-09 12:34:36,436: list_files() 'More than 1 files in the folders, stop listing'
INFO: 2020-04-09 12:34:36,901: apply() 'Applying preferences'
INFO: 2020-04-09 12:34:36,911: set_visible() 'Showing indicator icon'
INFO: 2020-04-09 12:34:36,911: set_from_theme_icon() 'Showing indicator icon variety-indicator from GTK theme'
INFO: 2020-04-09 12:34:36,912: log_options() 'Loaded options:'
INFO: 2020-04-09 12:34:36,912: log_options() 'change_enabled = True'
INFO: 2020-04-09 12:34:36,912: log_options() 'change_interval = 1800'
INFO: 2020-04-09 12:34:36,912: log_options() 'change_on_start = False'
INFO: 2020-04-09 12:34:36,912: log_options() 'clipboard_enabled = False'
INFO: 2020-04-09 12:34:36,912: log_options() 'clipboard_hosts = ['wallhaven.cc', 'wallpapers.net', 'flickr.com', 'imgur.com', 'deviantart.com', 'interfacelift.com', 'vladstudio.com', 'imageshack.us', 'deviantart.net', 'imageshack.com']'
INFO: 2020-04-09 12:34:36,912: log_options() 'clipboard_use_whitelist = True'
INFO: 2020-04-09 12:34:36,912: log_options() 'clock_date_font = Ubuntu Condensed, 30'
INFO: 2020-04-09 12:34:36,912: log_options() 'clock_enabled = False'
INFO: 2020-04-09 12:34:36,912: log_options() 'clock_filter = -density 100 -font `fc-match -f '%{file[0]}' '%CLOCK_FONT_NAME'` -pointsize %CLOCK_FONT_SIZE -gravity SouthEast -fill '#00000044' -annotate 0x0+[%HOFFSET+58]+[%VOFFSET+108] '%H:%M' -fill white -annotate 0x0+[%HOFFSET+60]+[%VOFFSET+110] '%H:%M' -font `fc-match -f '%{file[0]}' '%DATE_FONT_NAME'` -pointsize %DATE_FONT_SIZE -fill '#00000044' -annotate 0x0+[%HOFFSET+58]+[%VOFFSET+58] '%A, %B %d' -fill white -annotate 0x0+[%HOFFSET+60]+[%VOFFSET+60] '%A, %B %d''
INFO: 2020-04-09 12:34:36,912: log_options() 'clock_font = Ubuntu Condensed, 70'
INFO: 2020-04-09 12:34:36,912: log_options() 'configfile = /home/niel/.config/variety/variety.conf'
INFO: 2020-04-09 12:34:36,912: log_options() 'copyto_enabled = False'
INFO: 2020-04-09 12:34:36,913: log_options() 'copyto_folder = Default'
INFO: 2020-04-09 12:34:36,913: log_options() 'desired_color = [160, 160, 160]'
INFO: 2020-04-09 12:34:36,913: log_options() 'desired_color_enabled = False'
INFO: 2020-04-09 12:34:36,913: log_options() 'download_folder = /home/niel/.config/variety/Downloaded'
INFO: 2020-04-09 12:34:36,913: log_options() 'download_preference_ratio = 0.9'
INFO: 2020-04-09 12:34:36,913: log_options() 'favorites_folder = /home/niel/.config/variety/Favorites'
INFO: 2020-04-09 12:34:36,913: log_options() 'favorites_operations = [['Downloaded', 'Copy'], ['Fetched', 'Move'], ['Others', 'Copy']]'
INFO: 2020-04-09 12:34:36,913: log_options() 'fetched_folder = /home/niel/.config/variety/Fetched'
INFO: 2020-04-09 12:34:36,913: log_options() 'filters = [[False, 'Keep original', ''], [False, 'Grayscale', '-type Grayscale'], [False, 'Heavy blur', '-blur 120x40'], [False, 'Soft blur', '-blur 20x7'], [False, 'Oil painting', '-paint 8'], [False, 'Pointilism', '-spread 10 -noise 3'], [False, 'Pixellate', '-scale 3% -scale 3333%']]'
INFO: 2020-04-09 12:34:36,913: log_options() 'icon = Light'
INFO: 2020-04-09 12:34:36,913: log_options() 'lightness_enabled = False'
INFO: 2020-04-09 12:34:36,913: log_options() 'lightness_mode = 0'
INFO: 2020-04-09 12:34:36,913: log_options() 'min_rating = 4'
INFO: 2020-04-09 12:34:36,913: log_options() 'min_rating_enabled = False'
INFO: 2020-04-09 12:34:36,913: log_options() 'min_size = 80'
INFO: 2020-04-09 12:34:36,913: log_options() 'min_size_enabled = True'
INFO: 2020-04-09 12:34:36,914: log_options() 'quota_enabled = True'
INFO: 2020-04-09 12:34:36,914: log_options() 'quota_size = 1000'
INFO: 2020-04-09 12:34:36,914: log_options() 'quotes_authors = '
INFO: 2020-04-09 12:34:36,914: log_options() 'quotes_bg_color = [80, 80, 80]'
INFO: 2020-04-09 12:34:36,914: log_options() 'quotes_bg_opacity = 55'
INFO: 2020-04-09 12:34:36,914: log_options() 'quotes_change_enabled = False'
INFO: 2020-04-09 12:34:36,914: log_options() 'quotes_change_interval = 300'
INFO: 2020-04-09 12:34:36,914: log_options() 'quotes_disabled_sources = ['Urban Dictionary']'
INFO: 2020-04-09 12:34:36,914: log_options() 'quotes_enabled = False'
INFO: 2020-04-09 12:34:36,914: log_options() 'quotes_favorites_file = /home/niel/.config/variety/favorite_quotes.txt'
INFO: 2020-04-09 12:34:36,914: log_options() 'quotes_font = Bitstream Charter 30'
INFO: 2020-04-09 12:34:36,914: log_options() 'quotes_hpos = 100'
INFO: 2020-04-09 12:34:36,915: log_options() 'quotes_max_length = 250'
INFO: 2020-04-09 12:34:36,915: log_options() 'quotes_tags = '
INFO: 2020-04-09 12:34:36,915: log_options() 'quotes_text_color = [255, 255, 255]'
INFO: 2020-04-09 12:34:36,915: log_options() 'quotes_text_shadow = False'
INFO: 2020-04-09 12:34:36,915: log_options() 'quotes_vpos = 40'
INFO: 2020-04-09 12:34:36,915: log_options() 'quotes_width = 70'
INFO: 2020-04-09 12:34:36,915: log_options() 'safe_mode = False'
INFO: 2020-04-09 12:34:36,915: log_options() 'slideshow_custom_enabled = False'
INFO: 2020-04-09 12:34:36,915: log_options() 'slideshow_custom_folder = /home/niel/Pictures'
INFO: 2020-04-09 12:34:36,915: log_options() 'slideshow_downloads_enabled = False'
INFO: 2020-04-09 12:34:36,915: log_options() 'slideshow_fade = 0.4'
INFO: 2020-04-09 12:34:36,916: log_options() 'slideshow_favorites_enabled = True'
INFO: 2020-04-09 12:34:36,916: log_options() 'slideshow_mode = Fullscreen'
INFO: 2020-04-09 12:34:36,916: log_options() 'slideshow_monitor = All'
INFO: 2020-04-09 12:34:36,916: log_options() 'slideshow_pan = 0.05'
INFO: 2020-04-09 12:34:36,916: log_options() 'slideshow_seconds = 6.0'
INFO: 2020-04-09 12:34:36,916: log_options() 'slideshow_sort_order = Random'
INFO: 2020-04-09 12:34:36,916: log_options() 'slideshow_sources_enabled = True'
INFO: 2020-04-09 12:34:36,916: log_options() 'slideshow_zoom = 0.2'
INFO: 2020-04-09 12:34:36,916: log_options() 'smart_enabled = False'
INFO: 2020-04-09 12:34:36,916: log_options() 'smart_notice_shown = False'
INFO: 2020-04-09 12:34:36,917: log_options() 'smart_register_shown = False'
INFO: 2020-04-09 12:34:36,917: log_options() 'sources = [[True, 'favorites', 'The Favorites folder'], [False, 'fetched', 'The Fetched folder'], [True, 'folder', '/usr/share/backgrounds'], [False, 'flickr', 'user:www.flickr.com/photos/peter-levi/;user_id:93647178@N00;'], [False, 'apod', "NASA's Astronomy Picture of the Day"], [False, 'bing', 'Bing Photo of the Day'], [False, 'chromeos', 'Chrome OS Wallpapers'], [False, 'desktoppr', 'Random wallpapers from Desktoppr.co'], [False, 'earth', 'World Sunlight Map - live wallpaper from Die.net'], [False, 'earthview', 'Google Earth View Wallpapers'], [False, 'unsplash', 'High-resolution photos from Unsplash.com'], [True, 'folder', '/home/niel/Dropbox/Apps/Desktoppr'], [True, 'folder', '/home/niel/DATA/config/hefftorlinux'], [True, 'folder', '/home/niel/DATA/wallpapers']]'
INFO: 2020-04-09 12:34:36,917: log_options() 'stats_enabled = True'
INFO: 2020-04-09 12:34:36,917: log_options() 'stats_notice_shown = False'
INFO: 2020-04-09 12:34:36,917: log_options() 'sync_enabled = True'
INFO: 2020-04-09 12:34:36,917: log_options() 'use_landscape_enabled = True'
INFO: 2020-04-09 12:34:36,917: reload_config() 'No need to clear prepared queue'
INFO: 2020-04-09 12:34:36,917: update_indicator() 'Setting file info to: /home/niel/DATA/wallpapers/nano-schematic-infraorange-3840x2400.jpg'
INFO: 2020-04-09 12:34:36,918: list_files() 'More than 1 files in the folders, stop listing'
INFO: 2020-04-09 12:34:36,919: prepare_thread() 'Prepared buffer contains 94 images'
INFO: 2020-04-09 12:34:37,049: trigger_download() 'Triggering download thread to check if download needed'
INFO: 2020-04-09 12:34:37,050: trigger_download() 'Triggering download thread to check if download needed'
INFO: 2020-04-09 12:34:37,054: do_set_wp() 'Calling do_set_wp with /home/niel/DATA/wallpapers/nano-schematic-infraorange-3840x2400.jpg, time: 1586428477.0545218'
INFO: 2020-04-09 12:34:37,665: update_indicator() 'Setting file info to: /home/niel/DATA/wallpapers/nano-schematic-infraorange-3840x2400.jpg'
INFO: 2020-04-09 12:34:37,667: list_files() 'More than 1 files in the folders, stop listing'
INFO: 2020-04-09 12:34:38,920: trigger_download() 'Triggering download thread to check if download needed'
INFO: 2020-04-09 12:34:41,243: trigger_download() 'Triggering download thread to check if download needed'
INFO: 2020-04-09 12:34:41,244: update_indicator() 'Setting file info to: /home/niel/DATA/wallpapers/nano-schematic-infraorange-3840x2400.jpg'
INFO: 2020-04-09 12:34:41,245: list_files() 'More than 1 files in the folders, stop listing'
INFO: 2020-04-09 12:34:41,343: apply() 'Applying preferences'
INFO: 2020-04-09 12:34:41,358: set_visible() 'Showing indicator icon'
INFO: 2020-04-09 12:34:41,359: set_from_theme_icon() 'Showing indicator icon variety-indicator from GTK theme'
INFO: 2020-04-09 12:34:41,359: log_options() 'Loaded options:'
INFO: 2020-04-09 12:34:41,359: log_options() 'change_enabled = True'
INFO: 2020-04-09 12:34:41,359: log_options() 'change_interval = 1800'
INFO: 2020-04-09 12:34:41,359: log_options() 'change_on_start = False'
INFO: 2020-04-09 12:34:41,360: log_options() 'clipboard_enabled = False'
INFO: 2020-04-09 12:34:41,360: log_options() 'clipboard_hosts = ['wallhaven.cc', 'wallpapers.net', 'flickr.com', 'imgur.com', 'deviantart.com', 'interfacelift.com', 'vladstudio.com', 'imageshack.us', 'deviantart.net', 'imageshack.com']'
INFO: 2020-04-09 12:34:41,360: log_options() 'clipboard_use_whitelist = True'
INFO: 2020-04-09 12:34:41,360: log_options() 'clock_date_font = Ubuntu Condensed, 30'
INFO: 2020-04-09 12:34:41,360: log_options() 'clock_enabled = False'
INFO: 2020-04-09 12:34:41,360: log_options() 'clock_filter = -density 100 -font `fc-match -f '%{file[0]}' '%CLOCK_FONT_NAME'` -pointsize %CLOCK_FONT_SIZE -gravity SouthEast -fill '#00000044' -annotate 0x0+[%HOFFSET+58]+[%VOFFSET+108] '%H:%M' -fill white -annotate 0x0+[%HOFFSET+60]+[%VOFFSET+110] '%H:%M' -font `fc-match -f '%{file[0]}' '%DATE_FONT_NAME'` -pointsize %DATE_FONT_SIZE -fill '#00000044' -annotate 0x0+[%HOFFSET+58]+[%VOFFSET+58] '%A, %B %d' -fill white -annotate 0x0+[%HOFFSET+60]+[%VOFFSET+60] '%A, %B %d''
INFO: 2020-04-09 12:34:41,360: log_options() 'clock_font = Ubuntu Condensed, 70'
INFO: 2020-04-09 12:34:41,360: log_options() 'configfile = /home/niel/.config/variety/variety.conf'
INFO: 2020-04-09 12:34:41,360: log_options() 'copyto_enabled = False'
INFO: 2020-04-09 12:34:41,360: log_options() 'copyto_folder = Default'
INFO: 2020-04-09 12:34:41,361: log_options() 'desired_color = [160, 160, 160]'
INFO: 2020-04-09 12:34:41,361: log_options() 'desired_color_enabled = False'
INFO: 2020-04-09 12:34:41,361: log_options() 'download_folder = /home/niel/.config/variety/Downloaded'
INFO: 2020-04-09 12:34:41,361: log_options() 'download_preference_ratio = 0.9'
INFO: 2020-04-09 12:34:41,361: log_options() 'favorites_folder = /home/niel/.config/variety/Favorites'
INFO: 2020-04-09 12:34:41,361: log_options() 'favorites_operations = [['Downloaded', 'Copy'], ['Fetched', 'Move'], ['Others', 'Copy']]'
INFO: 2020-04-09 12:34:41,361: log_options() 'fetched_folder = /home/niel/.config/variety/Fetched'
INFO: 2020-04-09 12:34:41,361: log_options() 'filters = [[False, 'Keep original', ''], [False, 'Grayscale', '-type Grayscale'], [False, 'Heavy blur', '-blur 120x40'], [False, 'Soft blur', '-blur 20x7'], [False, 'Oil painting', '-paint 8'], [False, 'Pointilism', '-spread 10 -noise 3'], [False, 'Pixellate', '-scale 3% -scale 3333%']]'
INFO: 2020-04-09 12:34:41,361: log_options() 'icon = Light'
INFO: 2020-04-09 12:34:41,361: log_options() 'lightness_enabled = False'
INFO: 2020-04-09 12:34:41,362: log_options() 'lightness_mode = 0'
INFO: 2020-04-09 12:34:41,362: log_options() 'min_rating = 4'
INFO: 2020-04-09 12:34:41,362: log_options() 'min_rating_enabled = False'
INFO: 2020-04-09 12:34:41,362: log_options() 'min_size = 80'
INFO: 2020-04-09 12:34:41,362: log_options() 'min_size_enabled = True'
INFO: 2020-04-09 12:34:41,362: log_options() 'quota_enabled = True'
INFO: 2020-04-09 12:34:41,362: log_options() 'quota_size = 1000'
INFO: 2020-04-09 12:34:41,362: log_options() 'quotes_authors = '
INFO: 2020-04-09 12:34:41,362: log_options() 'quotes_bg_color = [80, 80, 80]'
INFO: 2020-04-09 12:34:41,362: log_options() 'quotes_bg_opacity = 55'
INFO: 2020-04-09 12:34:41,363: log_options() 'quotes_change_enabled = False'
INFO: 2020-04-09 12:34:41,363: log_options() 'quotes_change_interval = 300'
INFO: 2020-04-09 12:34:41,363: log_options() 'quotes_disabled_sources = ['Urban Dictionary']'
INFO: 2020-04-09 12:34:41,363: log_options() 'quotes_enabled = False'
INFO: 2020-04-09 12:34:41,363: log_options() 'quotes_favorites_file = /home/niel/.config/variety/favorite_quotes.txt'
INFO: 2020-04-09 12:34:41,363: log_options() 'quotes_font = Bitstream Charter 30'
INFO: 2020-04-09 12:34:41,363: log_options() 'quotes_hpos = 100'
INFO: 2020-04-09 12:34:41,363: log_options() 'quotes_max_length = 250'
INFO: 2020-04-09 12:34:41,363: log_options() 'quotes_tags = '
INFO: 2020-04-09 12:34:41,363: log_options() 'quotes_text_color = [255, 255, 255]'
INFO: 2020-04-09 12:34:41,364: log_options() 'quotes_text_shadow = False'
INFO: 2020-04-09 12:34:41,364: log_options() 'quotes_vpos = 40'
INFO: 2020-04-09 12:34:41,364: log_options() 'quotes_width = 70'
INFO: 2020-04-09 12:34:41,364: log_options() 'safe_mode = False'
INFO: 2020-04-09 12:34:41,364: log_options() 'slideshow_custom_enabled = False'
INFO: 2020-04-09 12:34:41,364: log_options() 'slideshow_custom_folder = /home/niel/Pictures'
INFO: 2020-04-09 12:34:41,364: log_options() 'slideshow_downloads_enabled = False'
INFO: 2020-04-09 12:34:41,364: log_options() 'slideshow_fade = 0.4'
INFO: 2020-04-09 12:34:41,364: log_options() 'slideshow_favorites_enabled = True'
INFO: 2020-04-09 12:34:41,364: log_options() 'slideshow_mode = Fullscreen'
INFO: 2020-04-09 12:34:41,364: log_options() 'slideshow_monitor = All'
INFO: 2020-04-09 12:34:41,365: log_options() 'slideshow_pan = 0.05'
INFO: 2020-04-09 12:34:41,365: log_options() 'slideshow_seconds = 6.0'
INFO: 2020-04-09 12:34:41,365: log_options() 'slideshow_sort_order = Random'
INFO: 2020-04-09 12:34:41,365: log_options() 'slideshow_sources_enabled = True'
INFO: 2020-04-09 12:34:41,365: log_options() 'slideshow_zoom = 0.2'
INFO: 2020-04-09 12:34:41,365: log_options() 'smart_enabled = False'
INFO: 2020-04-09 12:34:41,365: log_options() 'smart_notice_shown = False'
INFO: 2020-04-09 12:34:41,365: log_options() 'smart_register_shown = False'
INFO: 2020-04-09 12:34:41,365: log_options() 'sources = [[True, 'favorites', 'The Favorites folder'], [False, 'fetched', 'The Fetched folder'], [True, 'folder', '/usr/share/backgrounds'], [False, 'flickr', 'user:www.flickr.com/photos/peter-levi/;user_id:93647178@N00;'], [False, 'apod', "NASA's Astronomy Picture of the Day"], [False, 'bing', 'Bing Photo of the Day'], [False, 'chromeos', 'Chrome OS Wallpapers'], [False, 'desktoppr', 'Random wallpapers from Desktoppr.co'], [False, 'earth', 'World Sunlight Map - live wallpaper from Die.net'], [False, 'earthview', 'Google Earth View Wallpapers'], [False, 'unsplash', 'High-resolution photos from Unsplash.com'], [True, 'folder', '/home/niel/Dropbox/Apps/Desktoppr'], [True, 'folder', '/home/niel/DATA/config/hefftorlinux'], [True, 'folder', '/home/niel/DATA/wallpapers']]'
INFO: 2020-04-09 12:34:41,366: log_options() 'stats_enabled = True'
INFO: 2020-04-09 12:34:41,366: log_options() 'stats_notice_shown = False'
INFO: 2020-04-09 12:34:41,366: log_options() 'sync_enabled = True'
INFO: 2020-04-09 12:34:41,366: log_options() 'use_landscape_enabled = True'
INFO: 2020-04-09 12:34:41,366: reload_config() 'No need to clear prepared queue'
INFO: 2020-04-09 12:34:41,366: update_indicator() 'Setting file info to: /home/niel/DATA/wallpapers/nano-schematic-infraorange-3840x2400.jpg'
INFO: 2020-04-09 12:34:41,367: list_files() 'More than 1 files in the folders, stop listing'
INFO: 2020-04-09 12:34:41,368: prepare_thread() 'Prepared buffer contains 94 images'
INFO: 2020-04-09 12:34:41,468: do_set_wp() 'Calling do_set_wp with /home/niel/DATA/wallpapers/nano-schematic-infraorange-3840x2400.jpg, time: 1586428481.4687927'
INFO: 2020-04-09 12:34:41,493: update_indicator() 'Setting file info to: /home/niel/DATA/wallpapers/nano-schematic-infraorange-3840x2400.jpg'
INFO: 2020-04-09 12:34:41,495: list_files() 'More than 1 files in the folders, stop listing'
INFO: 2020-04-09 12:34:43,369: trigger_download() 'Triggering download thread to check if download needed'
